
----------------------------------
Using stored unhandled routes!.
   To discover new routes in the angular app use "[33mnpm run scully -- --scanRoutes[39m"
----------------------------------

----------------------------------
Using stored unhandled routes!.
   To discover new routes in the angular app use "[33mnpm run scully -- --scanRoutes[39m"
----------------------------------
No configuration for route "[33m/posts/:slug[39m" found. Skipping
Cleaned up .\dist\static folder.

----------------------------------
Using stored unhandled routes!.
   To discover new routes in the angular app use "[33mnpm run scully -- --scanRoutes[39m"
----------------------------------No configuration for route "[33m/posts/:slug[39m" found. Skipping

Cleaned up .\dist\static folder.
Cleaned up .\dist\static folder.
Cleaned up .\dist\static folder.
Cleaned up .\dist\static folder.
Cleaned up .\dist\static folder.
Cleaned up .\dist\static folder.
Cleaned up .\dist\static folder.
Cleaned up .\dist\static folder.
Cleaned up .\dist\static folder.
Cleaned up .\dist\static folder.
Cleaned up .\dist\static folder.
Cleaned up .\dist\static folder.
Cleaned up .\dist\static folder.

----------------------------------
Using stored unhandled routes!.
   To discover new routes in the angular app use "[33mnpm run scully -- --scanRoutes[39m"
----------------------------------
Cleaned up .\dist\static folder.
Cleaned up .\dist\static folder.
Cleaned up .\dist\static folder.
Cleaned up .\dist\static folder.
Cleaned up .\dist\static folder.
Cleaned up .\dist\static folder.
Cleaned up .\dist\static folder.
Cleaned up .\dist\static folder.
Cleaned up .\dist\static folder.
Cleaned up .\dist\static folder.
Cleaned up .\dist\static folder.
Cleaned up .\dist\static folder.
Cleaned up .\dist\static folder.
